#
# A fatal error has been detected by the Java Runtime Environment:
#
#  Internal Error (javaClasses.cpp:79), pid=24205, tid=140327119324928
#  fatal error: Invalid layout of preloaded class
#
# JRE version: 6.0_24-b24
# Java VM: OpenJDK 64-Bit Server VM (20.0-b12 mixed mode linux-amd64 compressed oops)
# Derivative: IcedTea6 1.11.5
# Distribution: Scientific Linux release 6.3 (Carbon), package rhel-1.50.1.11.5.el6_3-x86_64
# If you would like to submit a bug report, please include
# instructions how to reproduce the bug and visit:
#   http://icedtea.classpath.org/bugzilla
#

---------------  T H R E A D  ---------------

Current thread (0x00007fa070007800):  JavaThread "Unknown thread" [_thread_in_vm, id=24210, stack(0x00007fa074098000,0x00007fa074199000)]

Stack: [0x00007fa074098000,0x00007fa074199000],  sp=0x00007fa074197860,  free space=1022k
Native frames: (J=compiled Java code, j=interpreted, Vv=VM code, C=native code)
V  [libjvm.so+0x7a17a4]  JVM_handle_linux_signal+0x12ff44
V  [libjvm.so+0x7a1a5b]  JVM_handle_linux_signal+0x1301fb
V  [libjvm.so+0x3be0d6]  ftell+0x3be0d6
V  [libjvm.so+0x4bd9cb]  AsyncGetCallTrace+0xa890b
V  [libjvm.so+0x4beba6]  AsyncGetCallTrace+0xa9ae6
V  [libjvm.so+0x4bef48]  AsyncGetCallTrace+0xa9e88
V  [libjvm.so+0x4bf019]  AsyncGetCallTrace+0xa9f59
V  [libjvm.so+0x47c84a]  AsyncGetCallTrace+0x6778a
V  [libjvm.so+0x76b5fb]  JVM_handle_linux_signal+0xf9d9b
V  [libjvm.so+0x4c3e18]  JNI_CreateJavaVM+0x78
C  [java+0x26de]  JavaMain+0x7e


---------------  P R O C E S S  ---------------

Java Threads: ( => current thread )

Other Threads:

=>0x00007fa070007800 (exited) JavaThread "Unknown thread" [_thread_in_vm, id=24210, stack(0x00007fa074098000,0x00007fa074199000)]

VM state:not at safepoint (normal execution)

VM Mutex/Monitor currently owned by a thread: None

Heap
 PSYoungGen      total 17984K, used 308K [0x00000000ebeb0000, 0x00000000ed2c0000, 0x0000000100000000)
  eden space 15424K, 2% used [0x00000000ebeb0000,0x00000000ebefd1f8,0x00000000ecdc0000)
  from space 2560K, 0% used [0x00000000ed040000,0x00000000ed040000,0x00000000ed2c0000)
  to   space 2560K, 0% used [0x00000000ecdc0000,0x00000000ecdc0000,0x00000000ed040000)
 PSOldGen        total 41152K, used 0K [0x00000000c3c00000, 0x00000000c6430000, 0x00000000ebeb0000)
  object space 41152K, 0% used [0x00000000c3c00000,0x00000000c3c00000,0x00000000c6430000)
 PSPermGen       total 21248K, used 493K [0x00000000b9600000, 0x00000000baac0000, 0x00000000c3c00000)
  object space 21248K, 2% used [0x00000000b9600000,0x00000000b967b4f0,0x00000000baac0000)

Code Cache  [0x00007fa06c5a2000, 0x00007fa06c812000, 0x00007fa06f5a2000)
 total_blobs=33 nmethods=0 adapters=18 free_code_cache=50065792 largest_free_block=0

Dynamic libraries:
00400000-00408000 r-xp 00000000 08:01 664190                             /usr/lib/jvm/java-1.6.0-openjdk-1.6.0.0.x86_64/bin/java
00608000-00609000 rw-p 00008000 08:01 664190                             /usr/lib/jvm/java-1.6.0-openjdk-1.6.0.0.x86_64/bin/java
019d9000-019fa000 rw-p 00000000 00:00 0                                  [heap]
b9600000-baac0000 rw-p 00000000 00:00 0 
baac0000-c3c00000 rw-p 00000000 00:00 0 
c3c00000-c6430000 rw-p 00000000 00:00 0 
c6430000-ebeb0000 rw-p 00000000 00:00 0 
ebeb0000-ed2c0000 rw-p 00000000 00:00 0 
ed2c0000-100000000 rw-p 00000000 00:00 0 
3014600000-3014616000 r-xp 00000000 08:01 565311                         /lib64/libgcc_s-4.4.6-20120305.so.1
3014616000-3014815000 ---p 00016000 08:01 565311                         /lib64/libgcc_s-4.4.6-20120305.so.1
3014815000-3014816000 rw-p 00015000 08:01 565311                         /lib64/libgcc_s-4.4.6-20120305.so.1
3014e00000-3014ee8000 r-xp 00000000 08:01 66453                          /usr/lib64/libstdc++.so.6.0.13
3014ee8000-30150e8000 ---p 000e8000 08:01 66453                          /usr/lib64/libstdc++.so.6.0.13
30150e8000-30150ef000 r--p 000e8000 08:01 66453                          /usr/lib64/libstdc++.so.6.0.13
30150ef000-30150f1000 rw-p 000ef000 08:01 66453                          /usr/lib64/libstdc++.so.6.0.13
30150f1000-3015106000 rw-p 00000000 00:00 0 
3626a00000-3626a20000 r-xp 00000000 08:01 565251                         /lib64/ld-2.12.so
3626c1f000-3626c20000 r--p 0001f000 08:01 565251                         /lib64/ld-2.12.so
3626c20000-3626c21000 rw-p 00020000 08:01 565251                         /lib64/ld-2.12.so
3626c21000-3626c22000 rw-p 00000000 00:00 0 
3626e00000-3626f89000 r-xp 00000000 08:01 565261                         /lib64/libc-2.12.so
3626f89000-3627189000 ---p 00189000 08:01 565261                         /lib64/libc-2.12.so
3627189000-362718d000 r--p 00189000 08:01 565261                         /lib64/libc-2.12.so
362718d000-362718e000 rw-p 0018d000 08:01 565261                         /lib64/libc-2.12.so
362718e000-3627193000 rw-p 00000000 00:00 0 
3627200000-3627283000 r-xp 00000000 08:01 565267                         /lib64/libm-2.12.so
3627283000-3627482000 ---p 00083000 08:01 565267                         /lib64/libm-2.12.so
3627482000-3627483000 r--p 00082000 08:01 565267                         /lib64/libm-2.12.so
3627483000-3627484000 rw-p 00083000 08:01 565267                         /lib64/libm-2.12.so
3627600000-3627602000 r-xp 00000000 08:01 565368                         /lib64/libdl-2.12.so
3627602000-3627802000 ---p 00002000 08:01 565368                         /lib64/libdl-2.12.so
3627802000-3627803000 r--p 00002000 08:01 565368                         /lib64/libdl-2.12.so
3627803000-3627804000 rw-p 00003000 08:01 565368                         /lib64/libdl-2.12.so
3627a00000-3627a17000 r-xp 00000000 08:01 565306                         /lib64/libpthread-2.12.so
3627a17000-3627c17000 ---p 00017000 08:01 565306                         /lib64/libpthread-2.12.so
3627c17000-3627c18000 r--p 00017000 08:01 565306                         /lib64/libpthread-2.12.so
3627c18000-3627c19000 rw-p 00018000 08:01 565306                         /lib64/libpthread-2.12.so
3627c19000-3627c1d000 rw-p 00000000 00:00 0 
3627e00000-3627e15000 r-xp 00000000 08:01 565444                         /lib64/libz.so.1.2.3
3627e15000-3628014000 ---p 00015000 08:01 565444                         /lib64/libz.so.1.2.3
3628014000-3628015000 r--p 00014000 08:01 565444                         /lib64/libz.so.1.2.3
3628015000-3628016000 rw-p 00015000 08:01 565444                         /lib64/libz.so.1.2.3
3628200000-3628207000 r-xp 00000000 08:01 568573                         /lib64/librt-2.12.so
3628207000-3628406000 ---p 00007000 08:01 568573                         /lib64/librt-2.12.so
3628406000-3628407000 r--p 00006000 08:01 568573                         /lib64/librt-2.12.so
3628407000-3628408000 rw-p 00007000 08:01 568573                         /lib64/librt-2.12.so
3637800000-3637816000 r-xp 00000000 08:01 568570                         /lib64/libnsl-2.12.so
3637816000-3637a15000 ---p 00016000 08:01 568570                         /lib64/libnsl-2.12.so
3637a15000-3637a16000 r--p 00015000 08:01 568570                         /lib64/libnsl-2.12.so
3637a16000-3637a17000 rw-p 00016000 08:01 568570                         /lib64/libnsl-2.12.so
3637a17000-3637a19000 rw-p 00000000 00:00 0 
371ec00000-371ec04000 r-xp 00000000 08:01 388530                         /usr/lib/jvm/java-1.6.0-openjdk-1.6.0.0.x86_64/jre/lib/amd64/jli/libjli.so
371ec04000-371ee03000 ---p 00004000 08:01 388530                         /usr/lib/jvm/java-1.6.0-openjdk-1.6.0.0.x86_64/jre/lib/amd64/jli/libjli.so
371ee03000-371ee04000 rw-p 00003000 08:01 388530                         /usr/lib/jvm/java-1.6.0-openjdk-1.6.0.0.x86_64/jre/lib/amd64/jli/libjli.so
7fa05c000000-7fa05c021000 rw-p 00000000 00:00 0 
7fa05c021000-7fa060000000 ---p 00000000 00:00 0 
7fa064000000-7fa064021000 rw-p 00000000 00:00 0 
7fa064021000-7fa068000000 ---p 00000000 00:00 0 
7fa06baa0000-7fa06bdd6000 rw-p 00000000 00:00 0 
7fa06bdd6000-7fa06bf68000 r--s 037c2000 08:01 386343                     /usr/lib/jvm/java-1.6.0-openjdk-1.6.0.0.x86_64/jre/lib/rt.jar
7fa06bf68000-7fa06bf69000 ---p 00000000 00:00 0 
7fa06bf69000-7fa06c069000 rw-p 00000000 00:00 0 
7fa06c069000-7fa06c06a000 ---p 00000000 00:00 0 
7fa06c06a000-7fa06c17f000 rw-p 00000000 00:00 0 
7fa06c17f000-7fa06c2ac000 rw-p 00000000 00:00 0 
7fa06c2ac000-7fa06c2b7000 rw-p 00000000 00:00 0 
7fa06c2b7000-7fa06c2ff000 rw-p 00000000 00:00 0 
7fa06c2ff000-7fa06c314000 rw-p 00000000 00:00 0 
7fa06c314000-7fa06c440000 rw-p 00000000 00:00 0 
7fa06c440000-7fa06c44b000 rw-p 00000000 00:00 0 
7fa06c44b000-7fa06c4e1000 rw-p 00000000 00:00 0 
7fa06c4e1000-7fa06c4ec000 rw-p 00000000 00:00 0 
7fa06c4ec000-7fa06c5a2000 rw-p 00000000 00:00 0 
7fa06c5a2000-7fa06c812000 rwxp 00000000 00:00 0 
7fa06c812000-7fa06f5a2000 rw-p 00000000 00:00 0 
7fa06f5a2000-7fa06f5a9000 r-xp 00000000 08:01 386259                     /usr/lib/jvm/java-1.6.0-openjdk-1.6.0.0.x86_64/jre/lib/amd64/libzip.so
7fa06f5a9000-7fa06f7a8000 ---p 00007000 08:01 386259                     /usr/lib/jvm/java-1.6.0-openjdk-1.6.0.0.x86_64/jre/lib/amd64/libzip.so
7fa06f7a8000-7fa06f7a9000 rw-p 00006000 08:01 386259                     /usr/lib/jvm/java-1.6.0-openjdk-1.6.0.0.x86_64/jre/lib/amd64/libzip.so
7fa06f7a9000-7fa06f7b4000 r-xp 00000000 08:01 565623                     /lib64/libnss_ldap.so.2
7fa06f7b4000-7fa06f9b3000 ---p 0000b000 08:01 565623                     /lib64/libnss_ldap.so.2
7fa06f9b3000-7fa06f9b4000 rw-p 0000a000 08:01 565623                     /lib64/libnss_ldap.so.2
7fa06f9b4000-7fa06f9c0000 r-xp 00000000 08:01 565434                     /lib64/libnss_files-2.12.so
7fa06f9c0000-7fa06fbc0000 ---p 0000c000 08:01 565434                     /lib64/libnss_files-2.12.so
7fa06fbc0000-7fa06fbc1000 r--p 0000c000 08:01 565434                     /lib64/libnss_files-2.12.so
7fa06fbc1000-7fa06fbc2000 rw-p 0000d000 08:01 565434                     /lib64/libnss_files-2.12.so
7fa06fbc2000-7fa06fbed000 r-xp 00000000 08:01 386239                     /usr/lib/jvm/java-1.6.0-openjdk-1.6.0.0.x86_64/jre/lib/amd64/libjava.so
7fa06fbed000-7fa06fded000 ---p 0002b000 08:01 386239                     /usr/lib/jvm/java-1.6.0-openjdk-1.6.0.0.x86_64/jre/lib/amd64/libjava.so
7fa06fded000-7fa06fdf1000 rw-p 0002b000 08:01 386239                     /usr/lib/jvm/java-1.6.0-openjdk-1.6.0.0.x86_64/jre/lib/amd64/libjava.so
7fa06fdf1000-7fa06fdff000 r-xp 00000000 08:01 386258                     /usr/lib/jvm/java-1.6.0-openjdk-1.6.0.0.x86_64/jre/lib/amd64/libverify.so
7fa06fdff000-7fa06fffe000 ---p 0000e000 08:01 386258                     /usr/lib/jvm/java-1.6.0-openjdk-1.6.0.0.x86_64/jre/lib/amd64/libverify.so
7fa06fffe000-7fa070000000 rw-p 0000d000 08:01 386258                     /usr/lib/jvm/java-1.6.0-openjdk-1.6.0.0.x86_64/jre/lib/amd64/libverify.so
7fa070000000-7fa07007e000 rw-p 00000000 00:00 0 
7fa07007e000-7fa074000000 ---p 00000000 00:00 0 
7fa07401d000-7fa074050000 rw-p 00000000 00:00 0 
7fa074050000-7fa074098000 rw-p 00000000 00:00 0 
7fa074098000-7fa07409b000 ---p 00000000 00:00 0 
7fa07409b000-7fa074199000 rw-p 00000000 00:00 0 
7fa074199000-7fa074abd000 r-xp 00000000 08:01 386263                     /usr/lib/jvm/java-1.6.0-openjdk-1.6.0.0.x86_64/jre/lib/amd64/server/libjvm.so
7fa074abd000-7fa074cbc000 ---p 00924000 08:01 386263                     /usr/lib/jvm/java-1.6.0-openjdk-1.6.0.0.x86_64/jre/lib/amd64/server/libjvm.so
7fa074cbc000-7fa074d57000 rw-p 00923000 08:01 386263                     /usr/lib/jvm/java-1.6.0-openjdk-1.6.0.0.x86_64/jre/lib/amd64/server/libjvm.so
7fa074d57000-7fa074d84000 rw-p 00000000 00:00 0 
7fa074d96000-7fa074da6000 r--s 000bf000 00:14 1236295128                 /afs/inf.ed.ac.uk/user/s10/s1037059/leJOS_NXJ_0.9.1beta-3/lib/nxt/classes.jar
7fa074da6000-7fa074dae000 rw-s 00000000 08:01 2089459                    /tmp/hsperfdata_s1037059/24205
7fa074dae000-7fa074daf000 rw-p 00000000 00:00 0 
7fa074daf000-7fa074db0000 r--p 00000000 00:00 0 
7fa074db0000-7fa074db1000 rw-p 00000000 00:00 0 
7fff37941000-7fff37957000 rw-p 00000000 00:00 0                          [stack]
7fff379ff000-7fff37a00000 r-xp 00000000 00:00 0                          [vdso]
ffffffffff600000-ffffffffff601000 r-xp 00000000 00:00 0                  [vsyscall]

VM Arguments:
jvm_args: -Dfile.encoding=UTF-8 -Xbootclasspath/p:/afs/inf.ed.ac.uk/user/s10/s1037059/leJOS_NXJ_0.9.1beta-3/lib/nxt/classes.jar 
java_command: communication.BluetoothCommunicationTest
Launcher Type: SUN_STANDARD

Environment Variables:
PATH=/usr/lib64/qt-3.3/bin:/home/s1037059/bin/:/usr/local/bin/:/usr/games:/usr/local/sbin:/usr/bin:/bin:/opt/sicstus-4.0.1/bin:/afs/inf.ed.ac.uk/user/s10/s1037059/leJOS_NXJ_0.9.1beta-3/bin
LD_LIBRARY_PATH=/usr/lib/jvm/java-1.6.0-openjdk-1.6.0.0.x86_64/jre/lib/amd64/server:/usr/lib/jvm/java-1.6.0-openjdk-1.6.0.0.x86_64/jre/lib/amd64:/usr/lib/jvm/java-1.6.0-openjdk-1.6.0.0.x86_64/jre/../lib/amd64::/afs/inf.ed.ac.uk/user/s10/s1037059/leJOS_NXJ_0.9.1beta-3/:/afs/inf.ed.ac.uk/user/s10/s1037059/leJOS_NXJ_0.9.1beta-3/:/usr/lib64/xulrunner-2
SHELL=/bin/bash
DISPLAY=:0.0

Signal Handlers:
SIGSEGV: [libjvm.so+0x7a24b0], sa_mask[0]=0x7ffbfeff, sa_flags=0x10000004
SIGBUS: [libjvm.so+0x7a24b0], sa_mask[0]=0x7ffbfeff, sa_flags=0x10000004
SIGFPE: [libjvm.so+0x66bbf0], sa_mask[0]=0x7ffbfeff, sa_flags=0x10000004
SIGPIPE: [libjvm.so+0x66bbf0], sa_mask[0]=0x7ffbfeff, sa_flags=0x10000004
SIGXFSZ: [libjvm.so+0x66bbf0], sa_mask[0]=0x7ffbfeff, sa_flags=0x10000004
SIGILL: [libjvm.so+0x66bbf0], sa_mask[0]=0x7ffbfeff, sa_flags=0x10000004
SIGUSR1: SIG_DFL, sa_mask[0]=0x00000000, sa_flags=0x00000000
SIGUSR2: [libjvm.so+0x66b410], sa_mask[0]=0x00000004, sa_flags=0x10000004
SIGHUP: SIG_DFL, sa_mask[0]=0x00000000, sa_flags=0x00000000
SIGINT: SIG_DFL, sa_mask[0]=0x00000000, sa_flags=0x00000000
SIGTERM: SIG_DFL, sa_mask[0]=0x00000000, sa_flags=0x00000000
SIGQUIT: SIG_DFL, sa_mask[0]=0x00000000, sa_flags=0x00000000


---------------  S Y S T E M  ---------------

OS:Scientific Linux release 6.3 (Carbon)

uname:Linux 2.6.32-279.11.1.el6.x86_64 #1 SMP Tue Oct 16 11:16:02 CDT 2012 x86_64
libc:glibc 2.12 NPTL 2.12 
rlimit: STACK 10240k, CORE 0k, NPROC 1024, NOFILE 4096, AS infinity
load average:0.01 0.00 0.00

/proc/meminfo:
MemTotal:        3948084 kB
MemFree:          202892 kB
Buffers:          136060 kB
Cached:          1650156 kB
SwapCached:         3508 kB
Active:          2136112 kB
Inactive:        1209428 kB
Active(anon):    1289048 kB
Inactive(anon):   350592 kB
Active(file):     847064 kB
Inactive(file):   858836 kB
Unevictable:        7824 kB
Mlocked:            7824 kB
SwapTotal:       4096564 kB
SwapFree:        4077620 kB
Dirty:               348 kB
Writeback:             0 kB
AnonPages:       1584592 kB
Mapped:           181304 kB
Shmem:             73492 kB
Slab:             266476 kB
SReclaimable:     223000 kB
SUnreclaim:        43476 kB
KernelStack:        3456 kB
PageTables:        45004 kB
NFS_Unstable:          0 kB
Bounce:                0 kB
WritebackTmp:          0 kB
CommitLimit:     6070604 kB
Committed_AS:    3118852 kB
VmallocTotal:   34359738367 kB
VmallocUsed:      367200 kB
VmallocChunk:   34359294664 kB
HardwareCorrupted:     0 kB
AnonHugePages:    985088 kB
HugePages_Total:       0
HugePages_Free:        0
HugePages_Rsvd:        0
HugePages_Surp:        0
Hugepagesize:       2048 kB
DirectMap4k:        9860 kB
DirectMap2M:     4077568 kB


CPU:total 2 (2 cores per cpu, 1 threads per core) family 6 model 23 stepping 10, cmov, cx8, fxsr, mmx, sse, sse2, sse3, ssse3, sse4.1

Memory: 4k page, physical 3948084k(202768k free), swap 4096564k(4077620k free)

vm_info: OpenJDK 64-Bit Server VM (20.0-b12) for linux-amd64 JRE (1.6.0_24-b24), built on Oct 17 2012 11:43:06 by "mockbuild" with gcc 4.4.6 20120305 (Red Hat 4.4.6-4)

time: Sun Jan 20 18:03:03 2013
elapsed time: 0 seconds

