#
# A fatal error has been detected by the Java Runtime Environment:
#
#  Internal Error (javaClasses.cpp:79), pid=23529, tid=140198593689344
#  fatal error: Invalid layout of preloaded class
#
# JRE version: 6.0_24-b24
# Java VM: OpenJDK 64-Bit Server VM (20.0-b12 mixed mode linux-amd64 compressed oops)
# Derivative: IcedTea6 1.11.5
# Distribution: Scientific Linux release 6.3 (Carbon), package rhel-1.50.1.11.5.el6_3-x86_64
# If you would like to submit a bug report, please include
# instructions how to reproduce the bug and visit:
#   http://icedtea.classpath.org/bugzilla
#

---------------  T H R E A D  ---------------

Current thread (0x00007f8280007800):  JavaThread "Unknown thread" [_thread_in_vm, id=23535, stack(0x00007f82874ff000,0x00007f8287600000)]

Stack: [0x00007f82874ff000,0x00007f8287600000],  sp=0x00007f82875fe860,  free space=1022k
Native frames: (J=compiled Java code, j=interpreted, Vv=VM code, C=native code)
V  [libjvm.so+0x7a17a4]  JVM_handle_linux_signal+0x12ff44
V  [libjvm.so+0x7a1a5b]  JVM_handle_linux_signal+0x1301fb
V  [libjvm.so+0x3be0d6]  ftell+0x3be0d6
V  [libjvm.so+0x4bd9cb]  AsyncGetCallTrace+0xa890b
V  [libjvm.so+0x4beba6]  AsyncGetCallTrace+0xa9ae6
V  [libjvm.so+0x4bef48]  AsyncGetCallTrace+0xa9e88
V  [libjvm.so+0x4bf019]  AsyncGetCallTrace+0xa9f59
V  [libjvm.so+0x47c84a]  AsyncGetCallTrace+0x6778a
V  [libjvm.so+0x76b5fb]  JVM_handle_linux_signal+0xf9d9b
V  [libjvm.so+0x4c3e18]  JNI_CreateJavaVM+0x78
C  [java+0x26de]  JavaMain+0x7e


---------------  P R O C E S S  ---------------

Java Threads: ( => current thread )

Other Threads:

=>0x00007f8280007800 (exited) JavaThread "Unknown thread" [_thread_in_vm, id=23535, stack(0x00007f82874ff000,0x00007f8287600000)]

VM state:not at safepoint (normal execution)

VM Mutex/Monitor currently owned by a thread: None

Heap
 PSYoungGen      total 17984K, used 308K [0x00000000ebeb0000, 0x00000000ed2c0000, 0x0000000100000000)
  eden space 15424K, 2% used [0x00000000ebeb0000,0x00000000ebefd1f8,0x00000000ecdc0000)
  from space 2560K, 0% used [0x00000000ed040000,0x00000000ed040000,0x00000000ed2c0000)
  to   space 2560K, 0% used [0x00000000ecdc0000,0x00000000ecdc0000,0x00000000ed040000)
 PSOldGen        total 41152K, used 0K [0x00000000c3c00000, 0x00000000c6430000, 0x00000000ebeb0000)
  object space 41152K, 0% used [0x00000000c3c00000,0x00000000c3c00000,0x00000000c6430000)
 PSPermGen       total 21248K, used 493K [0x00000000b9600000, 0x00000000baac0000, 0x00000000c3c00000)
  object space 21248K, 2% used [0x00000000b9600000,0x00000000b967b4f0,0x00000000baac0000)

Code Cache  [0x00007f827d000000, 0x00007f827d270000, 0x00007f8280000000)
 total_blobs=33 nmethods=0 adapters=18 free_code_cache=50065792 largest_free_block=0

Dynamic libraries:
00400000-00408000 r-xp 00000000 08:01 1469676                            /usr/lib/jvm/java-1.6.0-openjdk-1.6.0.0.x86_64/bin/java
00608000-00609000 rw-p 00008000 08:01 1469676                            /usr/lib/jvm/java-1.6.0-openjdk-1.6.0.0.x86_64/bin/java
008fd000-0091e000 rw-p 00000000 00:00 0                                  [heap]
b9600000-baac0000 rw-p 00000000 00:00 0 
baac0000-c3c00000 rw-p 00000000 00:00 0 
c3c00000-c6430000 rw-p 00000000 00:00 0 
c6430000-ebeb0000 rw-p 00000000 00:00 0 
ebeb0000-ed2c0000 rw-p 00000000 00:00 0 
ed2c0000-100000000 rw-p 00000000 00:00 0 
3425000000-3425020000 r-xp 00000000 08:01 843961                         /lib64/ld-2.12.so
342521f000-3425220000 r--p 0001f000 08:01 843961                         /lib64/ld-2.12.so
3425220000-3425221000 rw-p 00020000 08:01 843961                         /lib64/ld-2.12.so
3425221000-3425222000 rw-p 00000000 00:00 0 
3425400000-3425483000 r-xp 00000000 08:01 843963                         /lib64/libm-2.12.so
3425483000-3425682000 ---p 00083000 08:01 843963                         /lib64/libm-2.12.so
3425682000-3425683000 r--p 00082000 08:01 843963                         /lib64/libm-2.12.so
3425683000-3425684000 rw-p 00083000 08:01 843963                         /lib64/libm-2.12.so
3425800000-3425989000 r-xp 00000000 08:01 843962                         /lib64/libc-2.12.so
3425989000-3425b89000 ---p 00189000 08:01 843962                         /lib64/libc-2.12.so
3425b89000-3425b8d000 r--p 00189000 08:01 843962                         /lib64/libc-2.12.so
3425b8d000-3425b8e000 rw-p 0018d000 08:01 843962                         /lib64/libc-2.12.so
3425b8e000-3425b93000 rw-p 00000000 00:00 0 
3425c00000-3425c02000 r-xp 00000000 08:01 843966                         /lib64/libdl-2.12.so
3425c02000-3425e02000 ---p 00002000 08:01 843966                         /lib64/libdl-2.12.so
3425e02000-3425e03000 r--p 00002000 08:01 843966                         /lib64/libdl-2.12.so
3425e03000-3425e04000 rw-p 00003000 08:01 843966                         /lib64/libdl-2.12.so
3426000000-3426017000 r-xp 00000000 08:01 843964                         /lib64/libpthread-2.12.so
3426017000-3426217000 ---p 00017000 08:01 843964                         /lib64/libpthread-2.12.so
3426217000-3426218000 r--p 00017000 08:01 843964                         /lib64/libpthread-2.12.so
3426218000-3426219000 rw-p 00018000 08:01 843964                         /lib64/libpthread-2.12.so
3426219000-342621d000 rw-p 00000000 00:00 0 
3426400000-3426415000 r-xp 00000000 08:01 843968                         /lib64/libz.so.1.2.3
3426415000-3426614000 ---p 00015000 08:01 843968                         /lib64/libz.so.1.2.3
3426614000-3426615000 r--p 00014000 08:01 843968                         /lib64/libz.so.1.2.3
3426615000-3426616000 rw-p 00015000 08:01 843968                         /lib64/libz.so.1.2.3
3426800000-3426807000 r-xp 00000000 08:01 844231                         /lib64/librt-2.12.so
3426807000-3426a06000 ---p 00007000 08:01 844231                         /lib64/librt-2.12.so
3426a06000-3426a07000 r--p 00006000 08:01 844231                         /lib64/librt-2.12.so
3426a07000-3426a08000 rw-p 00007000 08:01 844231                         /lib64/librt-2.12.so
3429c00000-3429c16000 r-xp 00000000 08:01 844216                         /lib64/libgcc_s-4.4.6-20120305.so.1
3429c16000-3429e15000 ---p 00016000 08:01 844216                         /lib64/libgcc_s-4.4.6-20120305.so.1
3429e15000-3429e16000 rw-p 00015000 08:01 844216                         /lib64/libgcc_s-4.4.6-20120305.so.1
342c000000-342c0e8000 r-xp 00000000 08:01 222233                         /usr/lib64/libstdc++.so.6.0.13
342c0e8000-342c2e8000 ---p 000e8000 08:01 222233                         /usr/lib64/libstdc++.so.6.0.13
342c2e8000-342c2ef000 r--p 000e8000 08:01 222233                         /usr/lib64/libstdc++.so.6.0.13
342c2ef000-342c2f1000 rw-p 000ef000 08:01 222233                         /usr/lib64/libstdc++.so.6.0.13
342c2f1000-342c306000 rw-p 00000000 00:00 0 
3435e00000-3435e16000 r-xp 00000000 08:01 844240                         /lib64/libnsl-2.12.so
3435e16000-3436015000 ---p 00016000 08:01 844240                         /lib64/libnsl-2.12.so
3436015000-3436016000 r--p 00015000 08:01 844240                         /lib64/libnsl-2.12.so
3436016000-3436017000 rw-p 00016000 08:01 844240                         /lib64/libnsl-2.12.so
3436017000-3436019000 rw-p 00000000 00:00 0 
3b7da00000-3b7da04000 r-xp 00000000 08:01 1503054                        /usr/lib/jvm/java-1.6.0-openjdk-1.6.0.0.x86_64/jre/lib/amd64/jli/libjli.so
3b7da04000-3b7dc03000 ---p 00004000 08:01 1503054                        /usr/lib/jvm/java-1.6.0-openjdk-1.6.0.0.x86_64/jre/lib/amd64/jli/libjli.so
3b7dc03000-3b7dc04000 rw-p 00003000 08:01 1503054                        /usr/lib/jvm/java-1.6.0-openjdk-1.6.0.0.x86_64/jre/lib/amd64/jli/libjli.so
7f8270000000-7f8270021000 rw-p 00000000 00:00 0 
7f8270021000-7f8274000000 ---p 00000000 00:00 0 
7f8278000000-7f8278021000 rw-p 00000000 00:00 0 
7f8278021000-7f827c000000 ---p 00000000 00:00 0 
7f827d000000-7f827d270000 rwxp 00000000 00:00 0 
7f827d270000-7f828007e000 rw-p 00000000 00:00 0 
7f828007e000-7f8284000000 ---p 00000000 00:00 0 
7f8285f20000-7f8286256000 rw-p 00000000 00:00 0 
7f8286256000-7f82863e8000 r--s 037c2000 08:01 1477905                    /usr/lib/jvm/java-1.6.0-openjdk-1.6.0.0.x86_64/jre/lib/rt.jar
7f82863e8000-7f82863e9000 ---p 00000000 00:00 0 
7f82863e9000-7f82864e9000 rw-p 00000000 00:00 0 
7f82864e9000-7f82864ea000 ---p 00000000 00:00 0 
7f82864ea000-7f82865f5000 rw-p 00000000 00:00 0 
7f82865f5000-7f828663d000 rw-p 00000000 00:00 0 
7f828663d000-7f8286652000 rw-p 00000000 00:00 0 
7f8286652000-7f828677f000 rw-p 00000000 00:00 0 
7f828677f000-7f828678a000 rw-p 00000000 00:00 0 
7f828678a000-7f82867d2000 rw-p 00000000 00:00 0 
7f82867d2000-7f82867e7000 rw-p 00000000 00:00 0 
7f82867e7000-7f8286913000 rw-p 00000000 00:00 0 
7f8286913000-7f828691e000 rw-p 00000000 00:00 0 
7f828691e000-7f82869b4000 rw-p 00000000 00:00 0 
7f82869b4000-7f82869bf000 rw-p 00000000 00:00 0 
7f82869bf000-7f8286a75000 rw-p 00000000 00:00 0 
7f8286a75000-7f8286a7c000 r-xp 00000000 08:01 1477866                    /usr/lib/jvm/java-1.6.0-openjdk-1.6.0.0.x86_64/jre/lib/amd64/libzip.so
7f8286a7c000-7f8286c7b000 ---p 00007000 08:01 1477866                    /usr/lib/jvm/java-1.6.0-openjdk-1.6.0.0.x86_64/jre/lib/amd64/libzip.so
7f8286c7b000-7f8286c7c000 rw-p 00006000 08:01 1477866                    /usr/lib/jvm/java-1.6.0-openjdk-1.6.0.0.x86_64/jre/lib/amd64/libzip.so
7f8286c7c000-7f8286c87000 r-xp 00000000 08:01 844208                     /lib64/libnss_ldap.so.2
7f8286c87000-7f8286e86000 ---p 0000b000 08:01 844208                     /lib64/libnss_ldap.so.2
7f8286e86000-7f8286e87000 rw-p 0000a000 08:01 844208                     /lib64/libnss_ldap.so.2
7f8286e87000-7f8286e93000 r-xp 00000000 08:01 843806                     /lib64/libnss_files-2.12.so
7f8286e93000-7f8287093000 ---p 0000c000 08:01 843806                     /lib64/libnss_files-2.12.so
7f8287093000-7f8287094000 r--p 0000c000 08:01 843806                     /lib64/libnss_files-2.12.so
7f8287094000-7f8287095000 rw-p 0000d000 08:01 843806                     /lib64/libnss_files-2.12.so
7f8287099000-7f82870c1000 rw-p 00000000 00:00 0 
7f82870c1000-7f82870ec000 r-xp 00000000 08:01 1477846                    /usr/lib/jvm/java-1.6.0-openjdk-1.6.0.0.x86_64/jre/lib/amd64/libjava.so
7f82870ec000-7f82872ec000 ---p 0002b000 08:01 1477846                    /usr/lib/jvm/java-1.6.0-openjdk-1.6.0.0.x86_64/jre/lib/amd64/libjava.so
7f82872ec000-7f82872f0000 rw-p 0002b000 08:01 1477846                    /usr/lib/jvm/java-1.6.0-openjdk-1.6.0.0.x86_64/jre/lib/amd64/libjava.so
7f82872f0000-7f82872fe000 r-xp 00000000 08:01 1477865                    /usr/lib/jvm/java-1.6.0-openjdk-1.6.0.0.x86_64/jre/lib/amd64/libverify.so
7f82872fe000-7f82874fd000 ---p 0000e000 08:01 1477865                    /usr/lib/jvm/java-1.6.0-openjdk-1.6.0.0.x86_64/jre/lib/amd64/libverify.so
7f82874fd000-7f82874ff000 rw-p 0000d000 08:01 1477865                    /usr/lib/jvm/java-1.6.0-openjdk-1.6.0.0.x86_64/jre/lib/amd64/libverify.so
7f82874ff000-7f8287502000 ---p 00000000 00:00 0 
7f8287502000-7f8287600000 rw-p 00000000 00:00 0 
7f8287600000-7f8287f24000 r-xp 00000000 08:01 1502411                    /usr/lib/jvm/java-1.6.0-openjdk-1.6.0.0.x86_64/jre/lib/amd64/server/libjvm.so
7f8287f24000-7f8288123000 ---p 00924000 08:01 1502411                    /usr/lib/jvm/java-1.6.0-openjdk-1.6.0.0.x86_64/jre/lib/amd64/server/libjvm.so
7f8288123000-7f82881be000 rw-p 00923000 08:01 1502411                    /usr/lib/jvm/java-1.6.0-openjdk-1.6.0.0.x86_64/jre/lib/amd64/server/libjvm.so
7f82881be000-7f82881eb000 rw-p 00000000 00:00 0 
7f82881fd000-7f828820d000 r--s 000bf000 00:14 1456767040                 /afs/inf.ed.ac.uk/user/s11/s1133718/leJOS_NXJ_0.9.1beta-3/lib/nxt/classes.jar
7f828820d000-7f8288215000 rw-s 00000000 08:01 1715695                    /tmp/hsperfdata_s1133718/23529
7f8288215000-7f8288216000 rw-p 00000000 00:00 0 
7f8288216000-7f8288217000 r--p 00000000 00:00 0 
7f8288217000-7f8288218000 rw-p 00000000 00:00 0 
7fff7cf3f000-7fff7cf54000 rw-p 00000000 00:00 0                          [stack]
7fff7cfff000-7fff7d000000 r-xp 00000000 00:00 0                          [vdso]
ffffffffff600000-ffffffffff601000 r-xp 00000000 00:00 0                  [vsyscall]

VM Arguments:
jvm_args: -Dfile.encoding=UTF-8 -Xbootclasspath/p:/afs/inf.ed.ac.uk/user/s11/s1133718/leJOS_NXJ_0.9.1beta-3/lib/nxt/classes.jar 
java_command: ControlGUI
Launcher Type: SUN_STANDARD

Environment Variables:
PATH=/usr/lib64/qt-3.3/bin:/usr/local/bin/:/usr/games:/usr/local/sbin:/usr/bin:/bin:/opt/sicstus-4.0.1/bin
LD_LIBRARY_PATH=/usr/lib/jvm/java-1.6.0-openjdk-1.6.0.0.x86_64/jre/lib/amd64/server:/usr/lib/jvm/java-1.6.0-openjdk-1.6.0.0.x86_64/jre/lib/amd64:/usr/lib/jvm/java-1.6.0-openjdk-1.6.0.0.x86_64/jre/../lib/amd64::/afs/inf.ed.ac.uk/user/s11/s1133718/leJOS_NXJ_0.9.1beta-3/:/usr/lib64/xulrunner-2
SHELL=/bin/bash
DISPLAY=:0.0

Signal Handlers:
SIGSEGV: [libjvm.so+0x7a24b0], sa_mask[0]=0x7ffbfeff, sa_flags=0x10000004
SIGBUS: [libjvm.so+0x7a24b0], sa_mask[0]=0x7ffbfeff, sa_flags=0x10000004
SIGFPE: [libjvm.so+0x66bbf0], sa_mask[0]=0x7ffbfeff, sa_flags=0x10000004
SIGPIPE: [libjvm.so+0x66bbf0], sa_mask[0]=0x7ffbfeff, sa_flags=0x10000004
SIGXFSZ: [libjvm.so+0x66bbf0], sa_mask[0]=0x7ffbfeff, sa_flags=0x10000004
SIGILL: [libjvm.so+0x66bbf0], sa_mask[0]=0x7ffbfeff, sa_flags=0x10000004
SIGUSR1: SIG_DFL, sa_mask[0]=0x00000000, sa_flags=0x00000000
SIGUSR2: [libjvm.so+0x66b410], sa_mask[0]=0x00000004, sa_flags=0x10000004
SIGHUP: SIG_DFL, sa_mask[0]=0x00000000, sa_flags=0x00000000
SIGINT: SIG_DFL, sa_mask[0]=0x00000000, sa_flags=0x00000000
SIGTERM: SIG_DFL, sa_mask[0]=0x00000000, sa_flags=0x00000000
SIGQUIT: SIG_DFL, sa_mask[0]=0x00000000, sa_flags=0x00000000


---------------  S Y S T E M  ---------------

OS:Scientific Linux release 6.3 (Carbon)

uname:Linux 2.6.32-279.11.1.el6.x86_64 #1 SMP Tue Oct 16 11:16:02 CDT 2012 x86_64
libc:glibc 2.12 NPTL 2.12 
rlimit: STACK 10240k, CORE 0k, NPROC 1024, NOFILE 4096, AS infinity
load average:0.00 0.14 0.18

/proc/meminfo:
MemTotal:        3948084 kB
MemFree:          287744 kB
Buffers:           88540 kB
Cached:          1117084 kB
SwapCached:         2272 kB
Active:          2317360 kB
Inactive:         961272 kB
Active(anon):    1720832 kB
Inactive(anon):   427628 kB
Active(file):     596528 kB
Inactive(file):   533644 kB
Unevictable:        7812 kB
Mlocked:            7812 kB
SwapTotal:       4194808 kB
SwapFree:        4182288 kB
Dirty:               208 kB
Writeback:             0 kB
AnonPages:       2075368 kB
Mapped:           171636 kB
Shmem:             68808 kB
Slab:             235216 kB
SReclaimable:     191852 kB
SUnreclaim:        43364 kB
KernelStack:        3792 kB
PageTables:        49356 kB
NFS_Unstable:          0 kB
Bounce:                0 kB
WritebackTmp:          0 kB
CommitLimit:     6168848 kB
Committed_AS:    4156324 kB
VmallocTotal:   34359738367 kB
VmallocUsed:      372144 kB
VmallocChunk:   34359282480 kB
HardwareCorrupted:     0 kB
AnonHugePages:   1140736 kB
HugePages_Total:       0
HugePages_Free:        0
HugePages_Rsvd:        0
HugePages_Surp:        0
Hugepagesize:       2048 kB
DirectMap4k:        9860 kB
DirectMap2M:     4077568 kB


CPU:total 2 (2 cores per cpu, 1 threads per core) family 6 model 23 stepping 10, cmov, cx8, fxsr, mmx, sse, sse2, sse3, ssse3, sse4.1

Memory: 4k page, physical 3948084k(287744k free), swap 4194808k(4182288k free)

vm_info: OpenJDK 64-Bit Server VM (20.0-b12) for linux-amd64 JRE (1.6.0_24-b24), built on Oct 17 2012 11:43:06 by "mockbuild" with gcc 4.4.6 20120305 (Red Hat 4.4.6-4)

time: Sun Jan 20 17:56:11 2013
elapsed time: 0 seconds

